帧~fk;~fm3;     帧；
H~fk;~fm3;       H；
U~fk;D~fm3;       U；V
W~fk;~fm3;       W；
l~fk;~fm3;       l；
ぃ(〓筛)~fk;~fm3; ぃ(〓筛)；
筛(〓ぃ)~fk;~fm3; 筛(〓ぃ)；
ぃ~fk;~fm3;       ぃ；
ぺ~fk;~fm3;       ぺ；
J~fk;A~fm3;       J；
h~fk;~fm3;       h；
レ~fk;a~fm3;       レ；
~fk;X~fm3;       海_
~fk;~fm3;       迹
~fk;X~fm3;       瑁]
и~fk;~fm3;       и；
р~fk;~fm3;       р；v
ㄆ~fk;~fm3;       ㄆ；j
ㄓ~fk;~fm3;       ㄓ；
M~fk;~fm3;       M；
f~fk;j~fm3;       f；
┰~fk;~fm3;       ┰；o
I~fk;~fm3;       I；~
j~fk;i~fm3;       j；
~fk;T~fm3;       洌`
~fk;k~fm3;       簦机
~fk;~fm3;       蹋
~fk;~fm3;       樱]
~fk;~fm3;       ；
~fk;X~fm3;       В^
~fk;X~fm3;       桑^
_~fk;~fm3;       _；
包~fk;m~fm3;       包；Z
J~fk;~fm3;       J；e
L~fk;~fm3;       L；s
]~fk;~fm3;       ]；~
靛~fk;~fm3;       靛；h
|~fk;D~fm3;       |；V
浮~fk;m~fm3;       浮；Z
D~fk;h~fm3;       D；h
F~fk;~fm3;       F；
龟~fk;~fm3;       龟；h
果~fk;E~fm3;       果；
Q~fk;c~fm3;       Q；
D~fk;~fm3;       D；
匠~fk;~fm3;       匠；
Y~fk;~fm3;       Y；
F~fk;D~fm3;       F；S
筛~fk;~fm3;       筛；
~fk;~fm3;       兀H
